\BOOKMARK [3][-]{chapter*.1}{\376\377\000R\000e\000m\000e\000r\000c\000i\000e\000m\000e\000n\000t\000s}{}% 1
\BOOKMARK [1][-]{section.0.1}{\376\377\000G\000\351\000n\000\351\000r\000a\000l\000i\000t\000\351\000s}{}% 2
\BOOKMARK [2][-]{subsubsection*.2}{\376\377\000D\000\351\000f\000i\000n\000i\000t\000i\000o\000n\000s\000:}{section.0.1}% 3
\BOOKMARK [3][-]{subsubsection*.3}{\376\377\000S\000o\000u\000s\000-\000v\000a\000r\000i\000\351\000t\000\351\000s\000:}{subsubsection*.2}% 4
\BOOKMARK [3][-]{subsubsection*.4}{\376\377\000V\000a\000r\000i\000\351\000t\000\351\000s\000\040\000q\000u\000o\000t\000i\000e\000n\000t\000s\000:}{subsubsection*.2}% 5
\BOOKMARK [1][-]{section.0.2}{\376\377\000G\000r\000o\000u\000p\000e\000s\000\040\000e\000t\000\040\000a\000l\000g\000\350\000b\000r\000e\000s\000\040\000d\000e\000\040\000L\000i\000e}{}% 6
\BOOKMARK [1][-]{section.0.3}{\376\377\000F\000i\000b\000r\000\351\000s\000\040\000p\000r\000i\000n\000c\000i\000p\000a\000u\000x\000\040\000e\000t\000\040\000f\000i\000b\000r\000\351\000s\000\040\000v\000e\000c\000t\000o\000r\000i\000e\000l\000s}{}% 7
\BOOKMARK [2][-]{subsubsection*.5}{\376\377\000F\000i\000b\000r\000\351\000\040\000p\000r\000i\000n\000c\000i\000p\000a\000l\000:}{section.0.3}% 8
\BOOKMARK [3][-]{subsubsection*.6}{\376\377\000F\000i\000b\000r\000\351\000s\000\040\000v\000e\000c\000t\000o\000r\000i\000e\000l\000s\000:}{subsubsection*.5}% 9
\BOOKMARK [3][-]{subsubsection*.7}{\376\377\000F\000i\000b\000r\000\351\000\040\000t\000a\000n\000g\000e\000n\000t\000,\000\040\000f\000i\000b\000r\000\351\000\040\000c\000o\000t\000a\000n\000g\000e\000n\000t\000\040\000e\000t\000\040\000f\000i\000b\000r\000\351\000\040\000t\000e\000n\000s\000o\000r\000i\000e\000l\000:}{subsubsection*.5}% 10
\BOOKMARK [1][-]{section.0.4}{\376\377\000F\000o\000r\000m\000e\000s\000\040\000d\000i\000f\000f\000\351\000r\000e\000n\000t\000i\000e\000l\000l\000e\000s}{}% 11
\BOOKMARK [1][-]{section.0.5}{\376\377\000F\000l\000o\000t\000\040\000l\000o\000c\000a\000l\000\040\000d\000'\000u\000n\000\040\000c\000h\000a\000m\000p\000\040\000d\000e\000\040\000v\000e\000c\000t\000e\000u\000r\000s}{}% 12
\BOOKMARK [1][-]{section.0.6}{\376\377\000D\000\351\000r\000i\000v\000a\000t\000i\000o\000n\000\040\000d\000e\000\040\000L\000i\000e}{}% 13
\BOOKMARK [1][-]{section.0.7}{\376\377\000T\000h\000\351\000o\000r\000\350\000m\000e\000\040\000d\000e\000\040\000F\000r\000o\000b\000e\000n\000i\000u\000s}{}% 14
\BOOKMARK [2][-]{subsubsection*.8}{\376\377\000F\000i\000b\000r\000\351\000\040\000g\000r\000a\000s\000s\000m\000a\000n\000n\000i\000e\000n\000:}{section.0.7}% 15
\BOOKMARK [3][-]{subsubsection*.9}{\376\377\000T\000h\000\351\000o\000r\000\350\000m\000e\000\040\000d\000e\000\040\000F\000r\000o\000b\000\351\000n\000i\000u\000s\000:}{subsubsection*.8}% 16
\BOOKMARK [1][-]{section.0.8}{\376\377\000C\000o\000n\000n\000e\000x\000i\000o\000n\000s}{}% 17
\BOOKMARK [2][-]{subsubsection*.10}{\376\377\000C\000o\000n\000n\000e\000c\000t\000i\000o\000n\000\040\000d\000'\000E\000h\000r\000e\000s\000m\000a\000n\000n\000:}{section.0.8}% 18
\BOOKMARK [3][-]{subsubsection*.11}{\376\377\000F\000o\000r\000m\000e\000\040\000d\000e\000\040\000M\000a\000u\000r\000e\000r\000-\000C\000a\000r\000t\000a\000n\000:}{subsubsection*.10}% 19
\BOOKMARK [3][-]{subsubsection*.12}{\376\377\000C\000o\000u\000r\000b\000u\000r\000e\000:}{subsubsection*.10}% 20
\BOOKMARK [1][-]{section.0.9}{\376\377\000T\000h\000\351\000o\000r\000i\000e\000s\000\040\000d\000e\000\040\000j\000a\000u\000g\000e}{}% 21
\BOOKMARK [2][-]{subsubsection*.13}{\376\377\000E\000n\000\040\000G\000\351\000o\000m\000\351\000t\000r\000i\000e\000:}{section.0.9}% 22
\BOOKMARK [3][-]{subsubsection*.14}{\376\377\000E\000n\000\040\000P\000h\000y\000s\000i\000q\000u\000e\000:}{subsubsection*.13}% 23
\BOOKMARK [0][-]{appendix*.15}{\376\377\000A\000n\000n\000e\000x\000e\000\040\000A\000:\000\040\000A\000l\000g\000\350\000b\000r\000e\000\040\000m\000u\000l\000t\000i\000l\000i\000n\000\351\000a\000i\000r\000e}{}% 24
\BOOKMARK [1][-]{section.A.1}{\376\377\000P\000r\000o\000d\000u\000i\000t\000\040\000t\000e\000n\000s\000o\000r\000i\000e\000l}{appendix*.15}% 25
\BOOKMARK [1][-]{section.A.2}{\376\377\000A\000l\000g\000\350\000b\000r\000e\000\040\000e\000x\000t\000\351\000r\000i\000e\000u\000r\000e}{appendix*.15}% 26
\BOOKMARK [1][-]{section.A.3}{\376\377\000\311\000t\000o\000i\000l\000e\000\040\000d\000e\000\040\000H\000o\000d\000g\000e}{appendix*.15}% 27
\BOOKMARK [0][-]{appendix*.16}{\376\377\000A\000n\000n\000e\000x\000e\000\040\000B\000:\000\040\000\311\000q\000u\000a\000t\000i\000o\000n\000s\000\040\000d\000e\000\040\000M\000a\000x\000w\000e\000l\000l\000\040\000e\000n\000\040\000t\000e\000r\000m\000e\000\040\000d\000e\000\040\000f\000o\000r\000m\000e\000s}{}% 28
\BOOKMARK [0][-]{appendix*.17}{\376\377\000B\000i\000b\000l\000i\000o\000g\000r\000a\000p\000h\000i\000e}{}% 29
